# JRE version: Java(TM) SE Runtime Environment (20.0.1+9) (build 20.0.1+9-29)
# Java VM: Java HotSpot(TM) 64-Bit Server VM (20.0.1+9-29, mixed mode, sharing, tiered, compressed oops, compressed class ptrs, g1 gc, windows-amd64)
GC Precious Log:
 CardTable entry size: 512
 Card Set container configuration: InlinePtr #cards 5 size 8 Array Of Cards #cards 12 size 40 Howl #buckets 4 coarsen threshold 1843 Howl Bitmap #cards 512 size 80 coarsen threshold 460 Card regions per heap region 1 cards per card region 2048
 CPUs: 8 total, 8 available
 Memory: 6086M
 Large Page Support: Disabled
 NUMA Support: Disabled
 Compressed Oops: Enabled (32-bit)
 Heap Region Size: 1M
 Heap Min Capacity: 8M
 Heap Initial Capacity: 96M
 Heap Max Capacity: 2G
 Pre-touch: Disabled
 Parallel Workers: 8
 Concurrent Workers: 2
 Concurrent Refinement Workers: 8
 Periodic GC: Disabled
Heap:
 garbage-first heap   total 311296K, used 221636K [0x0000000080000000, 0x0000000100000000)
  region size 1024K, 50 young (51200K), 6 survivors (6144K)
 Metaspace       used 108672K, committed 111552K, reserved 552960K
  class space    used 15169K, committed 16576K, reserved 421888K
GC Heap History (20 events):
Event: 80.073 GC heap before
{Heap before GC invocations=47 (full 0):
 garbage-first heap   total 208896K, used 185545K [0x0000000080000000, 0x0000000100000000)
  region size 1024K, 68 young (69632K), 7 survivors (7168K)
 Metaspace       used 98650K, committed 101248K, reserved 552960K
  class space    used 13770K, committed 15104K, reserved 421888K
}
Event: 80.084 GC heap after
{Heap after GC invocations=48 (full 0):
 garbage-first heap   total 208896K, used 123863K [0x0000000080000000, 0x0000000100000000)
  region size 1024K, 5 young (5120K), 5 survivors (5120K)
 Metaspace       used 98650K, committed 101248K, reserved 552960K
  class space    used 13770K, committed 15104K, reserved 421888K
}
Event: 82.594 GC heap before
{Heap before GC invocations=48 (full 0):
 garbage-first heap   total 208896K, used 191447K [0x0000000080000000, 0x0000000100000000)
  region size 1024K, 71 young (72704K), 5 survivors (5120K)
 Metaspace       used 102406K, committed 105024K, reserved 552960K
  class space    used 14289K, committed 15616K, reserved 421888K
}
Event: 82.602 GC heap after
{Heap after GC invocations=49 (full 0):
 garbage-first heap   total 208896K, used 126019K [0x0000000080000000, 0x0000000100000000)
  region size 1024K, 7 young (7168K), 7 survivors (7168K)
 Metaspace       used 102406K, committed 105024K, reserved 552960K
  class space    used 14289K, committed 15616K, reserved 421888K
}
Event: 92.484 GC heap before
{Heap before GC invocations=50 (full 0):
 garbage-first heap   total 222208K, used 188483K [0x0000000080000000, 0x0000000100000000)
  region size 1024K, 68 young (69632K), 7 survivors (7168K)
 Metaspace       used 104610K, committed 107264K, reserved 552960K
  class space    used 14592K, committed 15936K, reserved 421888K
}
Event: 92.497 GC heap after
{Heap after GC invocations=51 (full 0):
 garbage-first heap   total 222208K, used 132428K [0x0000000080000000, 0x0000000100000000)
  region size 1024K, 9 young (9216K), 9 survivors (9216K)
 Metaspace       used 104610K, committed 107264K, reserved 552960K
  class space    used 14592K, committed 15936K, reserved 421888K
}
Event: 94.530 GC heap before
{Heap before GC invocations=51 (full 0):
 garbage-first heap   total 222208K, used 200012K [0x0000000080000000, 0x0000000100000000)
  region size 1024K, 75 young (76800K), 9 survivors (9216K)
 Metaspace       used 106565K, committed 109312K, reserved 552960K
  class space    used 14944K, committed 16320K, reserved 421888K
}
Event: 94.549 GC heap after
{Heap after GC invocations=52 (full 0):
 garbage-first heap   total 222208K, used 139643K [0x0000000080000000, 0x0000000100000000)
  region size 1024K, 7 young (7168K), 7 survivors (7168K)
 Metaspace       used 106565K, committed 109312K, reserved 552960K
  class space    used 14944K, committed 16320K, reserved 421888K
}
Event: 96.208 GC heap before
{Heap before GC invocations=52 (full 0):
 garbage-first heap   total 222208K, used 202107K [0x0000000080000000, 0x0000000100000000)
  region size 1024K, 68 young (69632K), 7 survivors (7168K)
 Metaspace       used 106987K, committed 109824K, reserved 552960K
  class space    used 14986K, committed 16384K, reserved 421888K
}
Event: 96.222 GC heap after
{Heap after GC invocations=53 (full 0):
 garbage-first heap   total 222208K, used 148709K [0x0000000080000000, 0x0000000100000000)
  region size 1024K, 9 young (9216K), 9 survivors (9216K)
 Metaspace       used 106987K, committed 109824K, reserved 552960K
  class space    used 14986K, committed 16384K, reserved 421888K
}
Event: 97.621 GC heap before
{Heap before GC invocations=54 (full 0):
 garbage-first heap   total 260096K, used 197861K [0x0000000080000000, 0x0000000100000000)
  region size 1024K, 57 young (58368K), 9 survivors (9216K)
 Metaspace       used 107235K, committed 110016K, reserved 552960K
  class space    used 15001K, committed 16384K, reserved 421888K
}
Event: 97.635 GC heap after
{Heap after GC invocations=55 (full 0):
 garbage-first heap   total 260096K, used 156038K [0x0000000080000000, 0x0000000100000000)
  region size 1024K, 8 young (8192K), 8 survivors (8192K)
 Metaspace       used 107235K, committed 110016K, reserved 552960K
  class space    used 15001K, committed 16384K, reserved 421888K
}
Event: 99.634 GC heap before
{Heap before GC invocations=55 (full 0):
 garbage-first heap   total 260096K, used 233862K [0x0000000080000000, 0x0000000100000000)
  region size 1024K, 84 young (86016K), 8 survivors (8192K)
 Metaspace       used 107765K, committed 110528K, reserved 552960K
  class space    used 15069K, committed 16448K, reserved 421888K
}
Event: 99.652 GC heap after
{Heap after GC invocations=56 (full 0):
 garbage-first heap   total 260096K, used 164483K [0x0000000080000000, 0x0000000100000000)
  region size 1024K, 11 young (11264K), 11 survivors (11264K)
 Metaspace       used 107765K, committed 110528K, reserved 552960K
  class space    used 15069K, committed 16448K, reserved 421888K
}
Event: 101.990 GC heap before
{Heap before GC invocations=56 (full 0):
 garbage-first heap   total 260096K, used 234115K [0x0000000080000000, 0x0000000100000000)
  region size 1024K, 79 young (80896K), 11 survivors (11264K)
 Metaspace       used 108533K, committed 111424K, reserved 552960K
  class space    used 15158K, committed 16576K, reserved 421888K
}
Event: 102.010 GC heap after
{Heap after GC invocations=57 (full 0):
 garbage-first heap   total 260096K, used 174667K [0x0000000080000000, 0x0000000100000000)
  region size 1024K, 10 young (10240K), 10 survivors (10240K)
 Metaspace       used 108533K, committed 111424K, reserved 552960K
  class space    used 15158K, committed 16576K, reserved 421888K
}
Event: 103.156 GC heap before
{Heap before GC invocations=58 (full 0):
 garbage-first heap   total 311296K, used 232011K [0x0000000080000000, 0x0000000100000000)
  region size 1024K, 67 young (68608K), 10 survivors (10240K)
 Metaspace       used 108568K, committed 111488K, reserved 552960K
  class space    used 15158K, committed 16576K, reserved 421888K
}
Event: 103.172 GC heap after
{Heap after GC invocations=59 (full 0):
 garbage-first heap   total 311296K, used 179125K [0x0000000080000000, 0x0000000100000000)
  region size 1024K, 5 young (5120K), 5 survivors (5120K)
 Metaspace       used 108568K, committed 111488K, reserved 552960K
  class space    used 15158K, committed 16576K, reserved 421888K
}
Event: 104.840 GC heap before
{Heap before GC invocations=59 (full 0):
 garbage-first heap   total 311296K, used 270261K [0x0000000080000000, 0x0000000100000000)
  region size 1024K, 95 young (97280K), 5 survivors (5120K)
 Metaspace       used 108569K, committed 111488K, reserved 552960K
  class space    used 15158K, committed 16576K, reserved 421888K
}
Event: 104.850 GC heap after
{Heap after GC invocations=60 (full 0):
 garbage-first heap   total 311296K, used 178628K [0x0000000080000000, 0x0000000100000000)
  region size 1024K, 6 young (6144K), 6 survivors (6144K)
 Metaspace       used 108569K, committed 111488K, reserved 552960K
  class space    used 15158K, committed 16576K, reserved 421888K
}

